<?xml version="1.0" encoding="UTF-8"?>
<!-- Generated by org.testng.reporters.JUnitReportReporter -->
<testsuite skipped="0" hostname="DESKTOP-PPDLLU4" name="TESTNGPRACTICE.BookTrainTickets" tests="3" failures="0" timestamp="21 Jan 2022 16:24:51 GMT" time="0.014" errors="0">
  <testcase name="bookTrainTicket" time="0.001" classname="TESTNGPRACTICE.BookTrainTickets"/>
  <testcase name="bookTrainTicket" time="0.001" classname="TESTNGPRACTICE.BookTrainTickets"/>
  <testcase name="bookTrainTicket" time="0.012" classname="TESTNGPRACTICE.BookTrainTickets"/>
</testsuite> <!-- TESTNGPRACTICE.BookTrainTickets -->
