<?xml version="1.0" encoding="UTF-8"?>
<!-- Generated by org.testng.reporters.JUnitReportReporter -->
<testsuite skipped="0" hostname="DESKTOP-PPDLLU4" name="concast.sample4" tests="1" failures="0" timestamp="13 Jan 2022 06:17:23 GMT" time="1.042" errors="0">
  <testcase name="projectUnit" time="1.042" classname="concast.sample4"/>
</testsuite> <!-- concast.sample4 -->
